生成启动时间为 2018/5/31 10:32:18。
     1>项目“C:\SSD\VS\pcie_prj\generate_pcie_weight_bias\generate_pcie_weight_bias.vcxproj”在节点 2 上(build 个目标)。
     1>InitializeBuildStatus:
         正在创建“Debug\generate_pcie_weight_bias.unsuccessfulbuild”，因为已指定“AlwaysCreate”。
       ClCompile:
         c:\Program Files (x86)\Microsoft Visual Studio 10.0\VC\bin\CL.exe /c /ZI /nologo /W3 /WX- /Od /Oy- /D _MBCS /Gm /EHsc /RTC1 /MDd /GS /fp:precise /Zc:wchar_t /Zc:forScope /Fo"Debug\\" /Fd"Debug\vc100.pdb" /Gd /TP /analyze- /errorReport:prompt generate_pcie_weight_bias.cpp
         generate_pcie_weight_bias.cpp
     1>c:\ssd\vs\pcie_prj\generate_pcie_weight_bias\generate_pcie_weight_bias.cpp(786): warning C4244: “初始化”: 从“std::streamoff”转换到“long”，可能丢失数据
     1>c:\ssd\vs\pcie_prj\generate_pcie_weight_bias\generate_pcie_weight_bias.cpp(803): warning C4244: “=”: 从“std::streamoff”转换到“int”，可能丢失数据
       Link:
         c:\Program Files (x86)\Microsoft Visual Studio 10.0\VC\bin\link.exe /ERRORREPORT:PROMPT /OUT:"C:\SSD\VS\pcie_prj\Debug\generate_pcie_weight_bias.exe" /NOLOGO kernel32.lib user32.lib gdi32.lib winspool.lib comdlg32.lib advapi32.lib shell32.lib ole32.lib oleaut32.lib uuid.lib odbc32.lib odbccp32.lib /MANIFEST /ManifestFile:"Debug\generate_pcie_weight_bias.exe.intermediate.manifest" /MANIFESTUAC:"level='asInvoker' uiAccess='false'" /DEBUG /PDB:"C:\SSD\VS\pcie_prj\Debug\generate_pcie_weight_bias.pdb" /TLBID:1 /DYNAMICBASE /NXCOMPAT /IMPLIB:"C:\SSD\VS\pcie_prj\Debug\generate_pcie_weight_bias.lib" /MACHINE:X86 Debug\generate_pcie_weight_bias.obj
         LINK : 没有找到 C:\SSD\VS\pcie_prj\Debug\generate_pcie_weight_bias.exe 或上一个增量链接没有生成它；正在执行完全链接
         generate_pcie_weight_bias.vcxproj -> C:\SSD\VS\pcie_prj\Debug\generate_pcie_weight_bias.exe
       Manifest:
         c:\Program Files (x86)\Microsoft SDKs\Windows\v7.0A\bin\mt.exe /nologo /verbose /outputresource:"C:\SSD\VS\pcie_prj\Debug\generate_pcie_weight_bias.exe;#1" /manifest Debug\generate_pcie_weight_bias.exe.intermediate.manifest
       FinalizeBuildStatus:
         正在删除文件“Debug\generate_pcie_weight_bias.unsuccessfulbuild”。
         正在对“Debug\generate_pcie_weight_bias.lastbuildstate”执行 Touch 任务。
     1>已完成生成项目“C:\SSD\VS\pcie_prj\generate_pcie_weight_bias\generate_pcie_weight_bias.vcxproj”(build 个目标)的操作。

生成成功。

已用时间 00:00:03.13
